warning package.json: License should be a valid SPDX license expression
$ tsup
[34mCLI[39m Building entry: {"index":"src/index.ts","connectors/miniProgram":"connectors/miniProgram/index.ts","connectors/binanceWallet":"connectors/binanceWallet/index.ts","connectors/blocto":"connectors/blocto/index.ts","connectors/trustWallet":"connectors/trustWallet/index.ts"}
[34mCLI[39m Using tsconfig: tsconfig.json
[34mCLI[39m tsup v6.6.3
[34mCLI[39m Using tsup config: C:\xampp\htdocs\gl.titani\pancake\pancake-frontend\packages\wagmi\tsup.config.ts
[34mCLI[39m Target: es2015
[34mESM[39m Build start
[34mCJS[39m Build start
[32mESM[39m [1mdist\index.mjs                    [22m[32m2.48 KB[39m
[32mESM[39m [1mdist\chunk-2L3ZO4UM.mjs           [22m[32m1.42 KB[39m
[32mESM[39m [1mdist\connectors\binanceWallet.mjs [22m[32m3.54 KB[39m
[32mESM[39m [1mdist\connectors\blocto.mjs        [22m[32m5.39 KB[39m
[32mESM[39m [1mdist\connectors\miniProgram.mjs   [22m[32m2.46 KB[39m
[32mESM[39m [1mdist\connectors\trustWallet.mjs   [22m[32m4.00 KB[39m
[32mESM[39m ⚡️ Build success in 231ms
[32mCJS[39m [1mdist\index.js                    [22m[32m4.88 KB[39m
[32mCJS[39m [1mdist\connectors\binanceWallet.js [22m[32m5.11 KB[39m
[32mCJS[39m [1mdist\connectors\trustWallet.js   [22m[32m5.66 KB[39m
[32mCJS[39m [1mdist\connectors\blocto.js        [22m[32m8.29 KB[39m
[32mCJS[39m [1mdist\connectors\miniProgram.js   [22m[32m4.03 KB[39m
[32mCJS[39m ⚡️ Build success in 236ms
[34mDTS[39m Build start
[32mDTS[39m ⚡️ Build success in 34114ms
[32mDTS[39m [1mdist\index.d.ts                    [22m[32m1.14 KB[39m
[32mDTS[39m [1mdist\connectors\miniProgram.d.ts   [22m[32m844.00 B[39m
[32mDTS[39m [1mdist\connectors\binanceWallet.d.ts [22m[32m1.57 KB[39m
[32mDTS[39m [1mdist\connectors\blocto.d.ts        [22m[32m1.49 KB[39m
[32mDTS[39m [1mdist\connectors\trustWallet.d.ts   [22m[32m985.00 B[39m
