warning package.json: No license field
$ tsup
[34mCLI[39m Building entry: {"index":"./src/index.ts","react":"./react/index.ts"}
[34mCLI[39m Using tsconfig: tsconfig.json
[34mCLI[39m tsup v6.6.3
[34mCLI[39m Using tsup config: C:\xampp\htdocs\gl.titani\pancake\pancake-frontend\packages\token-lists\tsup.config.ts
[34mCLI[39m Target: es6
[34mESM[39m Build start
[34mCJS[39m Build start
[32mESM[39m [1mdist\react.mjs                 [22m[32m8.47 KB[39m
[32mESM[39m [1mdist\index.mjs                 [22m[32m239.00 B[39m
[32mESM[39m [1mdist\getTokenList-2FAKUE6D.mjs [22m[32m13.43 KB[39m
[32mESM[39m [1mdist\chunk-YBVZDUCZ.mjs        [22m[32m1.92 KB[39m
[32mESM[39m [1mdist\chunk-2L3ZO4UM.mjs        [22m[32m1.42 KB[39m
[32mESM[39m ⚡️ Build success in 1580ms
[34mDTS[39m Build start
[32mCJS[39m [1mdist\index.js [22m[32m3.11 KB[39m
[32mCJS[39m [1mdist\react.js [22m[32m28.00 KB[39m
[32mCJS[39m ⚡️ Build success in 3757ms
[32mDTS[39m ⚡️ Build success in 18364ms
[32mDTS[39m [1mdist\index.d.ts          [22m[32m1.55 KB[39m
[32mDTS[39m [1mdist\react.d.ts          [22m[32m2.54 KB[39m
[32mDTS[39m [1mdist\types-0a22cb30.d.ts [22m[32m1.06 KB[39m
